{"timestamp_raw": "2026-03-19T00:31:43Z", "hostname": "clin-ws-07", "event_id": 7, "channel": "Microsoft-Windows-Sysmon/Operational", "provider": "Microsoft-Windows-Sysmon", "raw_message": "Image loaded: C:\\Windows\\System32\\ntdll.dll by chrome.exe", "event_data": {"RuleName": "-", "UtcTime": "2026-03-19T00:31:43Z", "Image": "C:\\Windows\\System32\\chrome.exe", "ImageLoaded": "C:\\Windows\\System32\\ntdll.dll", "Signed": "true", "Signature": "Microsoft Windows", "SignatureStatus": "Valid"}, "source_origin": "evidence_pack"}
{"timestamp_raw": "2026-03-19T00:31:46Z", "hostname": "bill-ws-09", "event_id": 13, "channel": "Microsoft-Windows-Sysmon/Operational", "provider": "Microsoft-Windows-Sysmon", "raw_message": "Sysmon Event 13", "event_data": {"RuleName": "-", "UtcTime": "2026-03-19T00:31:46Z"}, "source_origin": "evidence_pack"}
{"timestamp_raw": "2026-03-19T00:32:00Z", "hostname": "clin-ws-12", "event_id": 1, "channel": "Microsoft-Windows-Sysmon/Operational", "provider": "Microsoft-Windows-Sysmon", "raw_message": "Process Create: C:\\Windows\\System32\\lsass.exe by wininit.exe", "event_data": {"RuleName": "-", "UtcTime": "2026-03-19T00:32:00Z", "ProcessId": "14671", "Image": "C:\\Windows\\System32\\lsass.exe", "CommandLine": "C:\\Windows\\System32\\lsass.exe", "User": "MEDDEFENSE\\c.taylor", "IntegrityLevel": "Medium", "ParentImage": "C:\\Windows\\System32\\wininit.exe", "ParentCommandLine": "C:\\Windows\\System32\\wininit.exe", "ParentUser": "MEDDEFENSE\\SYSTEM"}, "source_origin": "evidence_pack"}
{"timestamp_raw": "2026-03-19T00:32:02Z", "hostname": "srv-ehr-01", "event_id": 1, "channel": "Microsoft-Windows-Sysmon/Operational", "provider": "Microsoft-Windows-Sysmon", "raw_message": "Process Create: C:\\Windows\\explorer.exe by userinit.exe", "event_data": {"RuleName": "-", "UtcTime": "2026-03-19T00:32:02Z", "ProcessId": "25509", "Image": "C:\\Windows\\explorer.exe", "CommandLine": "C:\\Windows\\explorer.exe", "User": "MEDDEFENSE\\b.martin", "IntegrityLevel": "High", "ParentImage": "C:\\Windows\\System32\\userinit.exe", "ParentCommandLine": "C:\\Windows\\System32\\userinit.exe", "ParentUser": "MEDDEFENSE\\b.martin"}, "source_origin": "evidence_pack"}
{"timestamp_raw": "2026-03-19T00:32:23Z", "hostname": "clin-ws-12", "event_id": 3, "channel": "Microsoft-Windows-Sysmon/Operational", "provider": "Microsoft-Windows-Sysmon", "raw_message": "Network connection: lsass.exe -> 198.51.100.10:3389", "event_data": {"RuleName": "-", "UtcTime": "2026-03-19T00:32:23Z", "Image": "C:\\Windows\\System32\\lsass.exe", "User": "MEDDEFENSE\\s.patel", "Protocol": "udp", "Initiated": "true", "SourceIp": "10.1.10.12", "SourcePort": "59639", "DestinationIp": "198.51.100.10", "DestinationPort": "3389"}, "source_origin": "evidence_pack"}
{"timestamp_raw": "2026-03-19T00:32:31Z", "hostname": "admin-ws-01", "event_id": 7, "channel": "Microsoft-Windows-Sysmon/Operational", "provider": "Microsoft-Windows-Sysmon", "raw_message": "Image loaded: C:\\Windows\\System32\\user32.dll by EHRClient.exe", "event_data": {"RuleName": "-", "UtcTime": "2026-03-19T00:32:31Z", "Image": "C:\\Windows\\System32\\EHRClient.exe", "ImageLoaded": "C:\\Windows\\System32\\user32.dll", "Signed": "true", "Signature": "Microsoft Windows", "SignatureStatus": "Valid"}, "source_origin": "evidence_pack"}
{"timestamp_raw": "2026-03-19T00:32:52Z", "hostname": "srv-ehr-01", "event_id": 1, "channel": "Microsoft-Windows-Sysmon/Operational", "provider": "Microsoft-Windows-Sysmon", "raw_message": "Process Create: C:\\Windows\\System32\\csrss.exe by smss.exe", "event_data": {"RuleName": "-", "UtcTime": "2026-03-19T00:32:52Z", "ProcessId": "11970", "Image": "C:\\Windows\\System32\\csrss.exe", "CommandLine": "C:\\Windows\\System32\\csrss.exe", "User": "MEDDEFENSE\\w.robinson", "IntegrityLevel": "Medium", "ParentImage": "C:\\Windows\\System32\\smss.exe", "ParentCommandLine": "C:\\Windows\\System32\\smss.exe", "ParentUser": "MEDDEFENSE\\SYSTEM"}, "source_origin": "evidence_pack"}
{"timestamp_raw": "2026-03-19T00:33:00Z", "hostname": "admin-ws-02", "event_id": 3, "channel": "Microsoft-Windows-Sysmon/Operational", "provider": "Microsoft-Windows-Sysmon", "raw_message": "Network connection: csrss.exe -> 52.168.112.78:443", "event_data": {"RuleName": "-", "UtcTime": "2026-03-19T00:33:00Z", "Image": "C:\\Windows\\System32\\csrss.exe", "User": "MEDDEFENSE\\s.patel", "Protocol": "udp", "Initiated": "true", "SourceIp": "10.1.12.2", "SourcePort": "63832", "DestinationIp": "52.168.112.78", "DestinationPort": "443"}, "source_origin": "evidence_pack"}
{"timestamp_raw": "2026-03-19T00:33:00Z", "hostname": "admin-ws-02", "event_id": 11, "channel": "Microsoft-Windows-Sysmon/Operational", "provider": "Microsoft-Windows-Sysmon", "raw_message": "Sysmon Event 11", "event_data": {"RuleName": "-", "UtcTime": "2026-03-19T00:33:00Z"}, "source_origin": "evidence_pack"}
{"timestamp_raw": "2026-03-19T00:33:07Z", "hostname": "admin-ws-01", "event_id": 1, "channel": "Microsoft-Windows-Sysmon/Operational", "provider": "Microsoft-Windows-Sysmon", "raw_message": "Process Create: C:\\ProgramData\\Microsoft\\Windows Defender\\MsMpEng.exe by explorer.exe", "event_data": {"RuleName": "-", "UtcTime": "2026-03-19T00:33:07Z", "ProcessId": "53311", "Image": "C:\\ProgramData\\Microsoft\\Windows Defender\\MsMpEng.exe", "CommandLine": "C:\\ProgramData\\Microsoft\\Windows Defender\\MsMpEng.exe", "User": "MEDDEFENSE\\v.lewis", "IntegrityLevel": "Medium", "ParentImage": "C:\\Windows\\System32\\explorer.exe", "ParentCommandLine": "C:\\Windows\\System32\\explorer.exe", "ParentUser": "MEDDEFENSE\\v.lewis"}, "source_origin": "evidence_pack"}
{"timestamp_raw": "2026-03-19T00:33:16Z", "hostname": "clin-ws-03", "event_id": 3, "channel": "Microsoft-Windows-Sysmon/Operational", "provider": "Microsoft-Windows-Sysmon", "raw_message": "Network connection: taskhostw.exe -> 10.1.10.12:3389", "event_data": {"RuleName": "-", "UtcTime": "2026-03-19T00:33:16Z", "Image": "C:\\Windows\\System32\\taskhostw.exe", "User": "MEDDEFENSE\\r.garcia", "Protocol": "udp", "Initiated": "true", "SourceIp": "10.1.10.3", "SourcePort": "49435", "DestinationIp": "10.1.10.12", "DestinationPort": "3389"}, "source_origin": "evidence_pack"}
{"timestamp_raw": "2026-03-19T00:33:24Z", "hostname": "clin-ws-01", "event_id": 3, "channel": "Microsoft-Windows-Sysmon/Operational", "provider": "Microsoft-Windows-Sysmon", "raw_message": "Network connection: csrss.exe -> 13.107.42.14:3389", "event_data": {"RuleName": "-", "UtcTime": "2026-03-19T00:33:24Z", "Image": "C:\\Windows\\System32\\csrss.exe", "User": "MEDDEFENSE\\m.johnson", "Protocol": "tcp", "Initiated": "true", "SourceIp": "10.1.10.1", "SourcePort": "53294", "DestinationIp": "13.107.42.14", "DestinationPort": "3389"}, "source_origin": "evidence_pack"}
{"timestamp_raw": "2026-03-19T00:33:36Z", "hostname": "admin-ws-01", "event_id": 7, "channel": "Microsoft-Windows-Sysmon/Operational", "provider": "Microsoft-Windows-Sysmon", "raw_message": "Image loaded: C:\\Windows\\System32\\kernel32.dll by spoolsv.exe", "event_data": {"RuleName": "-", "UtcTime": "2026-03-19T00:33:36Z", "Image": "C:\\Windows\\System32\\spoolsv.exe", "ImageLoaded": "C:\\Windows\\System32\\kernel32.dll", "Signed": "true", "Signature": "Microsoft Windows", "SignatureStatus": "Valid"}, "source_origin": "evidence_pack"}
{"timestamp_raw": "2026-03-19T00:33:49Z", "hostname": "admin-ws-02", "event_id": 13, "channel": "Microsoft-Windows-Sysmon/Operational", "provider": "Microsoft-Windows-Sysmon", "raw_message": "Sysmon Event 13", "event_data": {"RuleName": "-", "UtcTime": "2026-03-19T00:33:49Z"}, "source_origin": "evidence_pack"}
{"timestamp_raw": "2026-03-19T00:33:55Z", "hostname": "srv-dc-02", "event_id": 1, "channel": "Microsoft-Windows-Sysmon/Operational", "provider": "Microsoft-Windows-Sysmon", "raw_message": "Process Create: C:\\Windows\\System32\\spoolsv.exe by explorer.exe", "event_data": {"RuleName": "-", "UtcTime": "2026-03-19T00:33:55Z", "ProcessId": "43666", "Image": "C:\\Windows\\System32\\spoolsv.exe", "CommandLine": "C:\\Windows\\System32\\spoolsv.exe", "User": "MEDDEFENSE\\NETWORK SERVICE", "IntegrityLevel": "System", "ParentImage": "C:\\Windows\\System32\\explorer.exe", "ParentCommandLine": "C:\\Windows\\System32\\explorer.exe", "ParentUser": "MEDDEFENSE\\SYSTEM"}, "source_origin": "evidence_pack"}
{"timestamp_raw": "2026-03-19T00:34:00Z", "hostname": "clin-ws-05", "event_id": 3, "channel": "Microsoft-Windows-Sysmon/Operational", "provider": "Microsoft-Windows-Sysmon", "raw_message": "Network connection: lsass.exe -> 13.107.42.14:445", "event_data": {"RuleName": "-", "UtcTime": "2026-03-19T00:34:00Z", "Image": "C:\\Windows\\System32\\lsass.exe", "User": "MEDDEFENSE\\v.lewis", "Protocol": "tcp", "Initiated": "true", "SourceIp": "10.1.10.5", "SourcePort": "56151", "DestinationIp": "13.107.42.14", "DestinationPort": "445"}, "source_origin": "evidence_pack"}
{"timestamp_raw": "2026-03-19T00:34:10Z", "hostname": "srv-dc-02", "event_id": 3, "channel": "Microsoft-Windows-Sysmon/Operational", "provider": "Microsoft-Windows-Sysmon", "raw_message": "Network connection: RuntimeBroker.exe -> 151.101.65.140:135", "event_data": {"RuleName": "-", "UtcTime": "2026-03-19T00:34:10Z", "Image": "C:\\Windows\\System32\\RuntimeBroker.exe", "User": "MEDDEFENSE\\g.clark", "Protocol": "tcp", "Initiated": "true", "SourceIp": "10.1.1.11", "SourcePort": "63808", "DestinationIp": "151.101.65.140", "DestinationPort": "135"}, "source_origin": "evidence_pack"}
{"timestamp_raw": "2026-03-19T00:34:22Z", "hostname": "admin-ws-02", "event_id": 1, "channel": "Microsoft-Windows-Sysmon/Operational", "provider": "Microsoft-Windows-Sysmon", "raw_message": "Process Create: C:\\Program Files\\MedDefense\\EHR\\EHRClient.exe by explorer.exe", "event_data": {"RuleName": "-", "UtcTime": "2026-03-19T00:34:22Z", "ProcessId": "34563", "Image": "C:\\Program Files\\MedDefense\\EHR\\EHRClient.exe", "CommandLine": "C:\\Program Files\\MedDefense\\EHR\\EHRClient.exe", "User": "MEDDEFENSE\\k.brown", "IntegrityLevel": "Medium", "ParentImage": "C:\\Windows\\System32\\explorer.exe", "ParentCommandLine": "C:\\Windows\\System32\\explorer.exe", "ParentUser": "MEDDEFENSE\\k.brown"}, "source_origin": "evidence_pack"}
{"timestamp_raw": "2026-03-19T00:34:25Z", "hostname": "clin-ws-05", "event_id": 1, "channel": "Microsoft-Windows-Sysmon/Operational", "provider": "Microsoft-Windows-Sysmon", "raw_message": "Process Create: C:\\Program Files\\Google\\Chrome\\Application\\chrome.exe by explorer.exe", "event_data": {"RuleName": "-", "UtcTime": "2026-03-19T00:34:25Z", "ProcessId": "42555", "Image": "C:\\Program Files\\Google\\Chrome\\Application\\chrome.exe", "CommandLine": "C:\\Program Files\\Google\\Chrome\\Application\\chrome.exe", "User": "MEDDEFENSE\\d.wilson", "IntegrityLevel": "System", "ParentImage": "C:\\Windows\\System32\\explorer.exe", "ParentCommandLine": "C:\\Windows\\System32\\explorer.exe", "ParentUser": "MEDDEFENSE\\SYSTEM"}, "source_origin": "evidence_pack"}
{"timestamp_raw": "2026-03-19T00:34:26Z", "hostname": "clin-ws-03", "event_id": 3, "channel": "Microsoft-Windows-Sysmon/Operational", "provider": "Microsoft-Windows-Sysmon", "raw_message": "Network connection: taskhostw.exe -> 13.107.42.14:3389", "event_data": {"RuleName": "-", "UtcTime": "2026-03-19T00:34:26Z", "Image": "C:\\Windows\\System32\\taskhostw.exe", "User": "MEDDEFENSE\\p.harris", "Protocol": "tcp", "Initiated": "true", "SourceIp": "10.1.10.3", "SourcePort": "49827", "DestinationIp": "13.107.42.14", "DestinationPort": "3389"}, "source_origin": "evidence_pack"}
{"timestamp_raw": "2026-03-19T00:34:30Z", "hostname": "clin-ws-03", "event_id": 3, "channel": "Microsoft-Windows-Sysmon/Operational", "provider": "Microsoft-Windows-Sysmon", "raw_message": "Network connection: lsass.exe -> 52.168.112.78:88", "event_data": {"RuleName": "-", "UtcTime": "2026-03-19T00:34:30Z", "Image": "C:\\Windows\\System32\\lsass.exe", "User": "MEDDEFENSE\\w.robinson", "Protocol": "tcp", "Initiated": "true", "SourceIp": "10.1.10.3", "SourcePort": "50167", "DestinationIp": "52.168.112.78", "DestinationPort": "88"}, "source_origin": "evidence_pack"}
{"timestamp_raw": "2026-03-19T00:34:40Z", "hostname": "clin-ws-01", "event_id": 3, "channel": "Microsoft-Windows-Sysmon/Operational", "provider": "Microsoft-Windows-Sysmon", "raw_message": "Network connection: RuntimeBroker.exe -> 192.0.2.200:53", "event_data": {"RuleName": "-", "UtcTime": "2026-03-19T00:34:40Z", "Image": "C:\\Windows\\System32\\RuntimeBroker.exe", "User": "MEDDEFENSE\\k.brown", "Protocol": "tcp", "Initiated": "true", "SourceIp": "10.1.10.1", "SourcePort": "59369", "DestinationIp": "192.0.2.200", "DestinationPort": "53"}, "source_origin": "evidence_pack"}
{"timestamp_raw": "2026-03-19T00:34:55Z", "hostname": "pharm-app-01", "event_id": 3, "channel": "Microsoft-Windows-Sysmon/Operational", "provider": "Microsoft-Windows-Sysmon", "raw_message": "Network connection: csrss.exe -> 151.101.65.140:53", "event_data": {"RuleName": "-", "UtcTime": "2026-03-19T00:34:55Z", "Image": "C:\\Windows\\System32\\csrss.exe", "User": "MEDDEFENSE\\v.lewis", "Protocol": "tcp", "Initiated": "true", "SourceIp": "10.1.2.40", "SourcePort": "62085", "DestinationIp": "151.101.65.140", "DestinationPort": "53"}, "source_origin": "evidence_pack"}
{"timestamp_raw": "2026-03-19T00:34:55Z", "hostname": "srv-dc-01", "event_id": 7, "channel": "Microsoft-Windows-Sysmon/Operational", "provider": "Microsoft-Windows-Sysmon", "raw_message": "Image loaded: C:\\Windows\\System32\\advapi32.dll by RuntimeBroker.exe", "event_data": {"RuleName": "-", "UtcTime": "2026-03-19T00:34:55Z", "Image": "C:\\Windows\\System32\\RuntimeBroker.exe", "ImageLoaded": "C:\\Windows\\System32\\advapi32.dll", "Signed": "true", "Signature": "Microsoft Windows", "SignatureStatus": "Valid"}, "source_origin": "evidence_pack"}
{"timestamp_raw": "2026-03-19T00:35:08Z", "hostname": "clin-ws-03", "event_id": 3, "channel": "Microsoft-Windows-Sysmon/Operational", "provider": "Microsoft-Windows-Sysmon", "raw_message": "Network connection: csrss.exe -> 151.101.65.140:636", "event_data": {"RuleName": "-", "UtcTime": "2026-03-19T00:35:08Z", "Image": "C:\\Windows\\System32\\csrss.exe", "User": "MEDDEFENSE\\e.thomas", "Protocol": "udp", "Initiated": "true", "SourceIp": "10.1.10.3", "SourcePort": "59258", "DestinationIp": "151.101.65.140", "DestinationPort": "636"}, "source_origin": "evidence_pack"}
{"timestamp_raw": "2026-03-19T00:35:33Z", "hostname": "clin-ws-05", "event_id": 1, "channel": "Microsoft-Windows-Sysmon/Operational", "provider": "Microsoft-Windows-Sysmon", "raw_message": "Process Create: C:\\Windows\\System32\\spoolsv.exe by explorer.exe", "event_data": {"RuleName": "-", "UtcTime": "2026-03-19T00:35:33Z", "ProcessId": "9997", "Image": "C:\\Windows\\System32\\spoolsv.exe", "CommandLine": "C:\\Windows\\System32\\spoolsv.exe", "User": "MEDDEFENSE\\h.jackson", "IntegrityLevel": "System", "ParentImage": "C:\\Windows\\System32\\explorer.exe", "ParentCommandLine": "C:\\Windows\\System32\\explorer.exe", "ParentUser": "MEDDEFENSE\\h.jackson"}, "source_origin": "evidence_pack"}
{"timestamp_raw": "2026-03-19T00:35:40Z", "hostname": "clin-ws-12", "event_id": 3, "channel": "Microsoft-Windows-Sysmon/Operational", "provider": "Microsoft-Windows-Sysmon", "raw_message": "Network connection: csrss.exe -> 52.168.112.78:88", "event_data": {"RuleName": "-", "UtcTime": "2026-03-19T00:35:40Z", "Image": "C:\\Windows\\System32\\csrss.exe", "User": "MEDDEFENSE\\l.nguyen", "Protocol": "udp", "Initiated": "true", "SourceIp": "10.1.10.12", "SourcePort": "64959", "DestinationIp": "52.168.112.78", "DestinationPort": "88"}, "source_origin": "evidence_pack"}
{"timestamp_raw": "2026-03-19T00:35:48Z", "hostname": "clin-ws-07", "event_id": 3, "channel": "Microsoft-Windows-Sysmon/Operational", "provider": "Microsoft-Windows-Sysmon", "raw_message": "Network connection: RuntimeBroker.exe -> 151.101.65.140:80", "event_data": {"RuleName": "-", "UtcTime": "2026-03-19T00:35:48Z", "Image": "C:\\Windows\\System32\\RuntimeBroker.exe", "User": "MEDDEFENSE\\a.thompson", "Protocol": "udp", "Initiated": "true", "SourceIp": "10.1.10.7", "SourcePort": "51426", "DestinationIp": "151.101.65.140", "DestinationPort": "80"}, "source_origin": "evidence_pack"}
{"timestamp_raw": "2026-03-19T00:35:51Z", "hostname": "srv-dc-02", "event_id": 3, "channel": "Microsoft-Windows-Sysmon/Operational", "provider": "Microsoft-Windows-Sysmon", "raw_message": "Network connection: lsass.exe -> 140.82.112.22:389", "event_data": {"RuleName": "-", "UtcTime": "2026-03-19T00:35:51Z", "Image": "C:\\Windows\\System32\\lsass.exe", "User": "MEDDEFENSE\\v.lewis", "Protocol": "tcp", "Initiated": "true", "SourceIp": "10.1.1.11", "SourcePort": "50522", "DestinationIp": "140.82.112.22", "DestinationPort": "389"}, "source_origin": "evidence_pack"}
{"timestamp_raw": "2026-03-19T00:35:58Z", "hostname": "srv-dc-02", "event_id": 1, "channel": "Microsoft-Windows-Sysmon/Operational", "provider": "Microsoft-Windows-Sysmon", "raw_message": "Process Create: C:\\Windows\\System32\\RuntimeBroker.exe by explorer.exe", "event_data": {"RuleName": "-", "UtcTime": "2026-03-19T00:35:58Z", "ProcessId": "13754", "Image": "C:\\Windows\\System32\\RuntimeBroker.exe", "CommandLine": "C:\\Windows\\System32\\RuntimeBroker.exe", "User": "MEDDEFENSE\\a.thompson", "IntegrityLevel": "Medium", "ParentImage": "C:\\Windows\\System32\\explorer.exe", "ParentCommandLine": "C:\\Windows\\System32\\explorer.exe", "ParentUser": "MEDDEFENSE\\SYSTEM"}, "source_origin": "evidence_pack"}
{"timestamp_raw": "2026-03-19T00:36:07Z", "hostname": "srv-ehr-01", "event_id": 7, "channel": "Microsoft-Windows-Sysmon/Operational", "provider": "Microsoft-Windows-Sysmon", "raw_message": "Image loaded: C:\\Windows\\System32\\user32.dll by conhost.exe", "event_data": {"RuleName": "-", "UtcTime": "2026-03-19T00:36:07Z", "Image": "C:\\Windows\\System32\\conhost.exe", "ImageLoaded": "C:\\Windows\\System32\\user32.dll", "Signed": "true", "Signature": "Microsoft Windows", "SignatureStatus": "Valid"}, "source_origin": "evidence_pack"}
{"timestamp_raw": "2026-03-19T00:36:09Z", "hostname": "admin-ws-01", "event_id": 1, "channel": "Microsoft-Windows-Sysmon/Operational", "provider": "Microsoft-Windows-Sysmon", "raw_message": "Process Create: C:\\ProgramData\\Microsoft\\Windows Defender\\MsMpEng.exe by explorer.exe", "event_data": {"RuleName": "-", "UtcTime": "2026-03-19T00:36:09Z", "ProcessId": "20204", "Image": "C:\\ProgramData\\Microsoft\\Windows Defender\\MsMpEng.exe", "CommandLine": "C:\\ProgramData\\Microsoft\\Windows Defender\\MsMpEng.exe", "User": "MEDDEFENSE\\NETWORK SERVICE", "IntegrityLevel": "System", "ParentImage": "C:\\Windows\\System32\\explorer.exe", "ParentCommandLine": "C:\\Windows\\System32\\explorer.exe", "ParentUser": "MEDDEFENSE\\NETWORK SERVICE"}, "source_origin": "evidence_pack"}
{"timestamp_raw": "2026-03-19T00:36:10Z", "hostname": "clin-ws-01", "event_id": 1, "channel": "Microsoft-Windows-Sysmon/Operational", "provider": "Microsoft-Windows-Sysmon", "raw_message": "Process Create: C:\\Windows\\System32\\dllhost.exe by explorer.exe", "event_data": {"RuleName": "-", "UtcTime": "2026-03-19T00:36:10Z", "ProcessId": "57180", "Image": "C:\\Windows\\System32\\dllhost.exe", "CommandLine": "C:\\Windows\\System32\\dllhost.exe", "User": "MEDDEFENSE\\w.robinson", "IntegrityLevel": "Medium", "ParentImage": "C:\\Windows\\System32\\explorer.exe", "ParentCommandLine": "C:\\Windows\\System32\\explorer.exe", "ParentUser": "MEDDEFENSE\\w.robinson"}, "source_origin": "evidence_pack"}
{"timestamp_raw": "2026-03-19T00:36:10Z", "hostname": "clin-ws-05", "event_id": 3, "channel": "Microsoft-Windows-Sysmon/Operational", "provider": "Microsoft-Windows-Sysmon", "raw_message": "Network connection: RuntimeBroker.exe -> 104.16.51.111:389", "event_data": {"RuleName": "-", "UtcTime": "2026-03-19T00:36:10Z", "Image": "C:\\Windows\\System32\\RuntimeBroker.exe", "User": "MEDDEFENSE\\SYSTEM", "Protocol": "udp", "Initiated": "true", "SourceIp": "10.1.10.5", "SourcePort": "52312", "DestinationIp": "104.16.51.111", "DestinationPort": "389"}, "source_origin": "evidence_pack"}
{"timestamp_raw": "2026-03-19T00:36:18Z", "hostname": "srv-dc-01", "event_id": 1, "channel": "Microsoft-Windows-Sysmon/Operational", "provider": "Microsoft-Windows-Sysmon", "raw_message": "Process Create: C:\\Program Files\\Google\\Chrome\\Application\\chrome.exe by explorer.exe", "event_data": {"RuleName": "-", "UtcTime": "2026-03-19T00:36:18Z", "ProcessId": "2169", "Image": "C:\\Program Files\\Google\\Chrome\\Application\\chrome.exe", "CommandLine": "C:\\Program Files\\Google\\Chrome\\Application\\chrome.exe", "User": "MEDDEFENSE\\p.harris", "IntegrityLevel": "Medium", "ParentImage": "C:\\Windows\\System32\\explorer.exe", "ParentCommandLine": "C:\\Windows\\System32\\explorer.exe", "ParentUser": "MEDDEFENSE\\SYSTEM"}, "source_origin": "evidence_pack"}
{"timestamp_raw": "2026-03-19T00:36:19Z", "hostname": "bill-ws-09", "event_id": 3, "channel": "Microsoft-Windows-Sysmon/Operational", "provider": "Microsoft-Windows-Sysmon", "raw_message": "Network connection: svchost.exe -> 104.16.51.111:135", "event_data": {"RuleName": "-", "UtcTime": "2026-03-19T00:36:19Z", "Image": "C:\\Windows\\System32\\svchost.exe", "User": "MEDDEFENSE\\k.brown", "Protocol": "tcp", "Initiated": "true", "SourceIp": "10.1.11.9", "SourcePort": "59094", "DestinationIp": "104.16.51.111", "DestinationPort": "135"}, "source_origin": "evidence_pack"}
{"timestamp_raw": "2026-03-19T00:36:30Z", "hostname": "clin-ws-05", "event_id": 3, "channel": "Microsoft-Windows-Sysmon/Operational", "provider": "Microsoft-Windows-Sysmon", "raw_message": "Network connection: svchost.exe -> 13.107.42.14:80", "event_data": {"RuleName": "-", "UtcTime": "2026-03-19T00:36:30Z", "Image": "C:\\Windows\\System32\\svchost.exe", "User": "MEDDEFENSE\\f.lee", "Protocol": "tcp", "Initiated": "true", "SourceIp": "10.1.10.5", "SourcePort": "50627", "DestinationIp": "13.107.42.14", "DestinationPort": "80"}, "source_origin": "evidence_pack"}
{"timestamp_raw": "2026-03-19T00:36:30Z", "hostname": "clin-ws-01", "event_id": 3, "channel": "Microsoft-Windows-Sysmon/Operational", "provider": "Microsoft-Windows-Sysmon", "raw_message": "Network connection: lsass.exe -> 52.168.112.78:636", "event_data": {"RuleName": "-", "UtcTime": "2026-03-19T00:36:30Z", "Image": "C:\\Windows\\System32\\lsass.exe", "User": "MEDDEFENSE\\t.anderson", "Protocol": "tcp", "Initiated": "true", "SourceIp": "10.1.10.1", "SourcePort": "65223", "DestinationIp": "52.168.112.78", "DestinationPort": "636"}, "source_origin": "evidence_pack"}
{"timestamp_raw": "2026-03-19T00:36:34Z", "hostname": "clin-ws-12", "event_id": 7, "channel": "Microsoft-Windows-Sysmon/Operational", "provider": "Microsoft-Windows-Sysmon", "raw_message": "Image loaded: C:\\Windows\\System32\\crypt32.dll by taskhostw.exe", "event_data": {"RuleName": "-", "UtcTime": "2026-03-19T00:36:34Z", "Image": "C:\\Windows\\System32\\taskhostw.exe", "ImageLoaded": "C:\\Windows\\System32\\crypt32.dll", "Signed": "true", "Signature": "Microsoft Windows", "SignatureStatus": "Valid"}, "source_origin": "evidence_pack"}
{"timestamp_raw": "2026-03-19T00:37:03Z", "hostname": "admin-ws-01", "event_id": 1, "channel": "Microsoft-Windows-Sysmon/Operational", "provider": "Microsoft-Windows-Sysmon", "raw_message": "Process Create: C:\\Windows\\System32\\RuntimeBroker.exe by explorer.exe", "event_data": {"RuleName": "-", "UtcTime": "2026-03-19T00:37:03Z", "ProcessId": "35765", "Image": "C:\\Windows\\System32\\RuntimeBroker.exe", "CommandLine": "C:\\Windows\\System32\\RuntimeBroker.exe", "User": "MEDDEFENSE\\SYSTEM", "IntegrityLevel": "System", "ParentImage": "C:\\Windows\\System32\\explorer.exe", "ParentCommandLine": "C:\\Windows\\System32\\explorer.exe", "ParentUser": "MEDDEFENSE\\SYSTEM"}, "source_origin": "evidence_pack"}
{"timestamp_raw": "2026-03-19T00:37:07Z", "hostname": "clin-ws-05", "event_id": 7, "channel": "Microsoft-Windows-Sysmon/Operational", "provider": "Microsoft-Windows-Sysmon", "raw_message": "Image loaded: C:\\Windows\\System32\\ws2_32.dll by RuntimeBroker.exe", "event_data": {"RuleName": "-", "UtcTime": "2026-03-19T00:37:07Z", "Image": "C:\\Windows\\System32\\RuntimeBroker.exe", "ImageLoaded": "C:\\Windows\\System32\\ws2_32.dll", "Signed": "true", "Signature": "Microsoft Windows", "SignatureStatus": "Valid"}, "source_origin": "evidence_pack"}
{"timestamp_raw": "2026-03-19T00:37:23Z", "hostname": "srv-dc-01", "event_id": 1, "channel": "Microsoft-Windows-Sysmon/Operational", "provider": "Microsoft-Windows-Sysmon", "raw_message": "Process Create: C:\\Windows\\System32\\csrss.exe by smss.exe", "event_data": {"RuleName": "-", "UtcTime": "2026-03-19T00:37:23Z", "ProcessId": "6484", "Image": "C:\\Windows\\System32\\csrss.exe", "CommandLine": "C:\\Windows\\System32\\csrss.exe", "User": "MEDDEFENSE\\NETWORK SERVICE", "IntegrityLevel": "High", "ParentImage": "C:\\Windows\\System32\\smss.exe", "ParentCommandLine": "C:\\Windows\\System32\\smss.exe", "ParentUser": "MEDDEFENSE\\SYSTEM"}, "source_origin": "evidence_pack"}
{"timestamp_raw": "2026-03-19T00:37:51Z", "hostname": "srv-ehr-01", "event_id": 7, "channel": "Microsoft-Windows-Sysmon/Operational", "provider": "Microsoft-Windows-Sysmon", "raw_message": "Image loaded: C:\\Windows\\System32\\ws2_32.dll by msedge.exe", "event_data": {"RuleName": "-", "UtcTime": "2026-03-19T00:37:51Z", "Image": "C:\\Windows\\System32\\msedge.exe", "ImageLoaded": "C:\\Windows\\System32\\ws2_32.dll", "Signed": "true", "Signature": "Microsoft Windows", "SignatureStatus": "Valid"}, "source_origin": "evidence_pack"}
{"timestamp_raw": "2026-03-19T00:37:56Z", "hostname": "srv-dc-01", "event_id": 3, "channel": "Microsoft-Windows-Sysmon/Operational", "provider": "Microsoft-Windows-Sysmon", "raw_message": "Network connection: RuntimeBroker.exe -> 52.168.112.45:389", "event_data": {"RuleName": "-", "UtcTime": "2026-03-19T00:37:56Z", "Image": "C:\\Windows\\System32\\RuntimeBroker.exe", "User": "MEDDEFENSE\\l.nguyen", "Protocol": "tcp", "Initiated": "true", "SourceIp": "10.1.1.10", "SourcePort": "61900", "DestinationIp": "52.168.112.45", "DestinationPort": "389"}, "source_origin": "evidence_pack"}
{"timestamp_raw": "2026-03-19T00:38:10Z", "hostname": "admin-ws-01", "event_id": 3, "channel": "Microsoft-Windows-Sysmon/Operational", "provider": "Microsoft-Windows-Sysmon", "raw_message": "Network connection: taskhostw.exe -> 192.0.2.100:53", "event_data": {"RuleName": "-", "UtcTime": "2026-03-19T00:38:10Z", "Image": "C:\\Windows\\System32\\taskhostw.exe", "User": "MEDDEFENSE\\j.martinez", "Protocol": "udp", "Initiated": "true", "SourceIp": "10.1.12.1", "SourcePort": "58638", "DestinationIp": "192.0.2.100", "DestinationPort": "53"}, "source_origin": "evidence_pack"}
{"timestamp_raw": "2026-03-19T00:38:12Z", "hostname": "clin-ws-12", "event_id": 3, "channel": "Microsoft-Windows-Sysmon/Operational", "provider": "Microsoft-Windows-Sysmon", "raw_message": "Network connection: lsass.exe -> 192.0.2.100:389", "event_data": {"RuleName": "-", "UtcTime": "2026-03-19T00:38:12Z", "Image": "C:\\Windows\\System32\\lsass.exe", "User": "MEDDEFENSE\\s.patel", "Protocol": "tcp", "Initiated": "true", "SourceIp": "10.1.10.12", "SourcePort": "63271", "DestinationIp": "192.0.2.100", "DestinationPort": "389"}, "source_origin": "evidence_pack"}
{"timestamp_raw": "2026-03-19T00:38:18Z", "hostname": "srv-ehr-01", "event_id": 3, "channel": "Microsoft-Windows-Sysmon/Operational", "provider": "Microsoft-Windows-Sysmon", "raw_message": "Network connection: svchost.exe -> 192.0.2.100:80", "event_data": {"RuleName": "-", "UtcTime": "2026-03-19T00:38:18Z", "Image": "C:\\Windows\\System32\\svchost.exe", "User": "MEDDEFENSE\\s.patel", "Protocol": "tcp", "Initiated": "true", "SourceIp": "10.1.2.30", "SourcePort": "56152", "DestinationIp": "192.0.2.100", "DestinationPort": "80"}, "source_origin": "evidence_pack"}
{"timestamp_raw": "2026-03-19T00:38:18Z", "hostname": "srv-dc-02", "event_id": 22, "channel": "Microsoft-Windows-Sysmon/Operational", "provider": "Microsoft-Windows-Sysmon", "raw_message": "Sysmon Event 22", "event_data": {"RuleName": "-", "UtcTime": "2026-03-19T00:38:18Z"}, "source_origin": "evidence_pack"}
{"timestamp_raw": "2026-03-19T00:38:20Z", "hostname": "clin-ws-05", "event_id": 22, "channel": "Microsoft-Windows-Sysmon/Operational", "provider": "Microsoft-Windows-Sysmon", "raw_message": "Sysmon Event 22", "event_data": {"RuleName": "-", "UtcTime": "2026-03-19T00:38:20Z"}, "source_origin": "evidence_pack"}
{"timestamp_raw": "2026-03-19T00:38:35Z", "hostname": "srv-dc-02", "event_id": 11, "channel": "Microsoft-Windows-Sysmon/Operational", "provider": "Microsoft-Windows-Sysmon", "raw_message": "Sysmon Event 11", "event_data": {"RuleName": "-", "UtcTime": "2026-03-19T00:38:35Z"}, "source_origin": "evidence_pack"}
{"timestamp_raw": "2026-03-19T00:38:39Z", "hostname": "clin-ws-12", "event_id": 1, "channel": "Microsoft-Windows-Sysmon/Operational", "provider": "Microsoft-Windows-Sysmon", "raw_message": "Process Create: C:\\Windows\\System32\\spoolsv.exe by explorer.exe", "event_data": {"RuleName": "-", "UtcTime": "2026-03-19T00:38:39Z", "ProcessId": "25213", "Image": "C:\\Windows\\System32\\spoolsv.exe", "CommandLine": "C:\\Windows\\System32\\spoolsv.exe", "User": "MEDDEFENSE\\SYSTEM", "IntegrityLevel": "System", "ParentImage": "C:\\Windows\\System32\\explorer.exe", "ParentCommandLine": "C:\\Windows\\System32\\explorer.exe", "ParentUser": "MEDDEFENSE\\SYSTEM"}, "source_origin": "evidence_pack"}
{"timestamp_raw": "2026-03-19T00:38:44Z", "hostname": "srv-dc-02", "event_id": 12, "channel": "Microsoft-Windows-Sysmon/Operational", "provider": "Microsoft-Windows-Sysmon", "raw_message": "Sysmon Event 12", "event_data": {"RuleName": "-", "UtcTime": "2026-03-19T00:38:44Z"}, "source_origin": "evidence_pack"}
{"timestamp_raw": "2026-03-19T00:38:48Z", "hostname": "srv-dc-02", "event_id": 1, "channel": "Microsoft-Windows-Sysmon/Operational", "provider": "Microsoft-Windows-Sysmon", "raw_message": "Process Create: C:\\Windows\\System32\\spoolsv.exe by explorer.exe", "event_data": {"RuleName": "-", "UtcTime": "2026-03-19T00:38:48Z", "ProcessId": "52341", "Image": "C:\\Windows\\System32\\spoolsv.exe", "CommandLine": "C:\\Windows\\System32\\spoolsv.exe", "User": "MEDDEFENSE\\s.patel", "IntegrityLevel": "System", "ParentImage": "C:\\Windows\\System32\\explorer.exe", "ParentCommandLine": "C:\\Windows\\System32\\explorer.exe", "ParentUser": "MEDDEFENSE\\s.patel"}, "source_origin": "evidence_pack"}
{"timestamp_raw": "2026-03-19T00:39:03Z", "hostname": "admin-ws-02", "event_id": 3, "channel": "Microsoft-Windows-Sysmon/Operational", "provider": "Microsoft-Windows-Sysmon", "raw_message": "Network connection: taskhostw.exe -> 52.168.112.78:135", "event_data": {"RuleName": "-", "UtcTime": "2026-03-19T00:39:03Z", "Image": "C:\\Windows\\System32\\taskhostw.exe", "User": "MEDDEFENSE\\s.patel", "Protocol": "udp", "Initiated": "true", "SourceIp": "10.1.12.2", "SourcePort": "57916", "DestinationIp": "52.168.112.78", "DestinationPort": "135"}, "source_origin": "evidence_pack"}
{"timestamp_raw": "2026-03-19T00:39:08Z", "hostname": "admin-ws-02", "event_id": 1, "channel": "Microsoft-Windows-Sysmon/Operational", "provider": "Microsoft-Windows-Sysmon", "raw_message": "Process Create: C:\\Windows\\System32\\taskhostw.exe by explorer.exe", "event_data": {"RuleName": "-", "UtcTime": "2026-03-19T00:39:08Z", "ProcessId": "31750", "Image": "C:\\Windows\\System32\\taskhostw.exe", "CommandLine": "C:\\Windows\\System32\\taskhostw.exe", "User": "MEDDEFENSE\\b.martin", "IntegrityLevel": "System", "ParentImage": "C:\\Windows\\System32\\explorer.exe", "ParentCommandLine": "C:\\Windows\\System32\\explorer.exe", "ParentUser": "MEDDEFENSE\\SYSTEM"}, "source_origin": "evidence_pack"}
{"timestamp_raw": "2026-03-19T00:39:14Z", "hostname": "clin-ws-07", "event_id": 3, "channel": "Microsoft-Windows-Sysmon/Operational", "provider": "Microsoft-Windows-Sysmon", "raw_message": "Network connection: csrss.exe -> 192.0.2.200:53", "event_data": {"RuleName": "-", "UtcTime": "2026-03-19T00:39:14Z", "Image": "C:\\Windows\\System32\\csrss.exe", "User": "MEDDEFENSE\\h.jackson", "Protocol": "udp", "Initiated": "true", "SourceIp": "10.1.10.7", "SourcePort": "60988", "DestinationIp": "192.0.2.200", "DestinationPort": "53"}, "source_origin": "evidence_pack"}
{"timestamp_raw": "2026-03-19T00:39:44Z", "hostname": "clin-ws-07", "event_id": 7, "channel": "Microsoft-Windows-Sysmon/Operational", "provider": "Microsoft-Windows-Sysmon", "raw_message": "Image loaded: C:\\Windows\\System32\\bcrypt.dll by conhost.exe", "event_data": {"RuleName": "-", "UtcTime": "2026-03-19T00:39:44Z", "Image": "C:\\Windows\\System32\\conhost.exe", "ImageLoaded": "C:\\Windows\\System32\\bcrypt.dll", "Signed": "true", "Signature": "Microsoft Windows", "SignatureStatus": "Valid"}, "source_origin": "evidence_pack"}
{"timestamp_raw": "2026-03-19T00:39:48Z", "hostname": "clin-ws-03", "event_id": 3, "channel": "Microsoft-Windows-Sysmon/Operational", "provider": "Microsoft-Windows-Sysmon", "raw_message": "Network connection: csrss.exe -> 192.0.2.100:445", "event_data": {"RuleName": "-", "UtcTime": "2026-03-19T00:39:48Z", "Image": "C:\\Windows\\System32\\csrss.exe", "User": "MEDDEFENSE\\j.martinez", "Protocol": "udp", "Initiated": "true", "SourceIp": "10.1.10.3", "SourcePort": "59780", "DestinationIp": "192.0.2.100", "DestinationPort": "445"}, "source_origin": "evidence_pack"}
{"timestamp_raw": "2026-03-19T00:39:59Z", "hostname": "clin-ws-12", "event_id": 3, "channel": "Microsoft-Windows-Sysmon/Operational", "provider": "Microsoft-Windows-Sysmon", "raw_message": "Network connection: RuntimeBroker.exe -> 192.0.2.100:445", "event_data": {"RuleName": "-", "UtcTime": "2026-03-19T00:39:59Z", "Image": "C:\\Windows\\System32\\RuntimeBroker.exe", "User": "MEDDEFENSE\\a.thompson", "Protocol": "udp", "Initiated": "true", "SourceIp": "10.1.10.12", "SourcePort": "53448", "DestinationIp": "192.0.2.100", "DestinationPort": "445"}, "source_origin": "evidence_pack"}
{"timestamp_raw": "2026-03-19T00:40:09Z", "hostname": "srv-ehr-01", "event_id": 1, "channel": "Microsoft-Windows-Sysmon/Operational", "provider": "Microsoft-Windows-Sysmon", "raw_message": "Process Create: C:\\Windows\\System32\\lsass.exe by wininit.exe", "event_data": {"RuleName": "-", "UtcTime": "2026-03-19T00:40:09Z", "ProcessId": "59465", "Image": "C:\\Windows\\System32\\lsass.exe", "CommandLine": "C:\\Windows\\System32\\lsass.exe", "User": "MEDDEFENSE\\a.thompson", "IntegrityLevel": "High", "ParentImage": "C:\\Windows\\System32\\wininit.exe", "ParentCommandLine": "C:\\Windows\\System32\\wininit.exe", "ParentUser": "MEDDEFENSE\\SYSTEM"}, "source_origin": "evidence_pack"}
{"timestamp_raw": "2026-03-19T00:40:38Z", "hostname": "clin-ws-01", "event_id": 3, "channel": "Microsoft-Windows-Sysmon/Operational", "provider": "Microsoft-Windows-Sysmon", "raw_message": "Network connection: lsass.exe -> 52.168.112.78:80", "event_data": {"RuleName": "-", "UtcTime": "2026-03-19T00:40:38Z", "Image": "C:\\Windows\\System32\\lsass.exe", "User": "MEDDEFENSE\\y.walker", "Protocol": "tcp", "Initiated": "true", "SourceIp": "10.1.10.1", "SourcePort": "65147", "DestinationIp": "52.168.112.78", "DestinationPort": "80"}, "source_origin": "evidence_pack"}
{"timestamp_raw": "2026-03-19T00:40:47Z", "hostname": "clin-ws-05", "event_id": 1, "channel": "Microsoft-Windows-Sysmon/Operational", "provider": "Microsoft-Windows-Sysmon", "raw_message": "Process Create: C:\\Program Files\\MedDefense\\EHR\\EHRClient.exe by explorer.exe", "event_data": {"RuleName": "-", "UtcTime": "2026-03-19T00:40:47Z", "ProcessId": "19006", "Image": "C:\\Program Files\\MedDefense\\EHR\\EHRClient.exe", "CommandLine": "C:\\Program Files\\MedDefense\\EHR\\EHRClient.exe", "User": "MEDDEFENSE\\b.martin", "IntegrityLevel": "High", "ParentImage": "C:\\Windows\\System32\\explorer.exe", "ParentCommandLine": "C:\\Windows\\System32\\explorer.exe", "ParentUser": "MEDDEFENSE\\b.martin"}, "source_origin": "evidence_pack"}
{"timestamp_raw": "2026-03-19T00:40:59Z", "hostname": "clin-ws-03", "event_id": 1, "channel": "Microsoft-Windows-Sysmon/Operational", "provider": "Microsoft-Windows-Sysmon", "raw_message": "Process Create: C:\\Program Files\\Google\\Chrome\\Application\\chrome.exe by explorer.exe", "event_data": {"RuleName": "-", "UtcTime": "2026-03-19T00:40:59Z", "ProcessId": "32411", "Image": "C:\\Program Files\\Google\\Chrome\\Application\\chrome.exe", "CommandLine": "C:\\Program Files\\Google\\Chrome\\Application\\chrome.exe", "User": "MEDDEFENSE\\n.white", "IntegrityLevel": "Medium", "ParentImage": "C:\\Windows\\System32\\explorer.exe", "ParentCommandLine": "C:\\Windows\\System32\\explorer.exe", "ParentUser": "MEDDEFENSE\\n.white"}, "source_origin": "evidence_pack"}
{"timestamp_raw": "2026-03-19T00:41:19Z", "hostname": "admin-ws-02", "event_id": 3, "channel": "Microsoft-Windows-Sysmon/Operational", "provider": "Microsoft-Windows-Sysmon", "raw_message": "Network connection: csrss.exe -> 140.82.112.22:389", "event_data": {"RuleName": "-", "UtcTime": "2026-03-19T00:41:19Z", "Image": "C:\\Windows\\System32\\csrss.exe", "User": "MEDDEFENSE\\b.martin", "Protocol": "udp", "Initiated": "true", "SourceIp": "10.1.12.2", "SourcePort": "56601", "DestinationIp": "140.82.112.22", "DestinationPort": "389"}, "source_origin": "evidence_pack"}
{"timestamp_raw": "2026-03-19T00:41:51Z", "hostname": "clin-ws-12", "event_id": 1, "channel": "Microsoft-Windows-Sysmon/Operational", "provider": "Microsoft-Windows-Sysmon", "raw_message": "Process Create: C:\\Windows\\System32\\csrss.exe by smss.exe", "event_data": {"RuleName": "-", "UtcTime": "2026-03-19T00:41:51Z", "ProcessId": "19761", "Image": "C:\\Windows\\System32\\csrss.exe", "CommandLine": "C:\\Windows\\System32\\csrss.exe", "User": "MEDDEFENSE\\l.nguyen", "IntegrityLevel": "Medium", "ParentImage": "C:\\Windows\\System32\\smss.exe", "ParentCommandLine": "C:\\Windows\\System32\\smss.exe", "ParentUser": "MEDDEFENSE\\l.nguyen"}, "source_origin": "evidence_pack"}
{"timestamp_raw": "2026-03-19T00:41:57Z", "hostname": "srv-dc-01", "event_id": 1, "channel": "Microsoft-Windows-Sysmon/Operational", "provider": "Microsoft-Windows-Sysmon", "raw_message": "Process Create: C:\\Windows\\System32\\svchost.exe by services.exe", "event_data": {"RuleName": "-", "UtcTime": "2026-03-19T00:41:57Z", "ProcessId": "53109", "Image": "C:\\Windows\\System32\\svchost.exe", "CommandLine": "C:\\Windows\\System32\\svchost.exe", "User": "MEDDEFENSE\\b.martin", "IntegrityLevel": "High", "ParentImage": "C:\\Windows\\System32\\services.exe", "ParentCommandLine": "C:\\Windows\\System32\\services.exe", "ParentUser": "MEDDEFENSE\\SYSTEM"}, "source_origin": "evidence_pack"}
{"timestamp_raw": "2026-03-19T00:41:57Z", "hostname": "clin-ws-07", "event_id": 1, "channel": "Microsoft-Windows-Sysmon/Operational", "provider": "Microsoft-Windows-Sysmon", "raw_message": "Process Create: C:\\Program Files\\Google\\Chrome\\Application\\chrome.exe by explorer.exe", "event_data": {"RuleName": "-", "UtcTime": "2026-03-19T00:41:57Z", "ProcessId": "30748", "Image": "C:\\Program Files\\Google\\Chrome\\Application\\chrome.exe", "CommandLine": "C:\\Program Files\\Google\\Chrome\\Application\\chrome.exe", "User": "MEDDEFENSE\\h.jackson", "IntegrityLevel": "System", "ParentImage": "C:\\Windows\\System32\\explorer.exe", "ParentCommandLine": "C:\\Windows\\System32\\explorer.exe", "ParentUser": "MEDDEFENSE\\SYSTEM"}, "source_origin": "evidence_pack"}
{"timestamp_raw": "2026-03-19T00:41:58Z", "hostname": "clin-ws-05", "event_id": 11, "channel": "Microsoft-Windows-Sysmon/Operational", "provider": "Microsoft-Windows-Sysmon", "raw_message": "Sysmon Event 11", "event_data": {"RuleName": "-", "UtcTime": "2026-03-19T00:41:58Z"}, "source_origin": "evidence_pack"}
{"timestamp_raw": "2026-03-19T00:42:13Z", "hostname": "clin-ws-12", "event_id": 22, "channel": "Microsoft-Windows-Sysmon/Operational", "provider": "Microsoft-Windows-Sysmon", "raw_message": "Sysmon Event 22", "event_data": {"RuleName": "-", "UtcTime": "2026-03-19T00:42:13Z"}, "source_origin": "evidence_pack"}
{"timestamp_raw": "2026-03-19T00:42:17Z", "hostname": "srv-dc-02", "event_id": 1, "channel": "Microsoft-Windows-Sysmon/Operational", "provider": "Microsoft-Windows-Sysmon", "raw_message": "Process Create: C:\\Program Files\\Google\\Chrome\\Application\\chrome.exe by explorer.exe", "event_data": {"RuleName": "-", "UtcTime": "2026-03-19T00:42:17Z", "ProcessId": "11907", "Image": "C:\\Program Files\\Google\\Chrome\\Application\\chrome.exe", "CommandLine": "C:\\Program Files\\Google\\Chrome\\Application\\chrome.exe", "User": "MEDDEFENSE\\p.harris", "IntegrityLevel": "Medium", "ParentImage": "C:\\Windows\\System32\\explorer.exe", "ParentCommandLine": "C:\\Windows\\System32\\explorer.exe", "ParentUser": "MEDDEFENSE\\SYSTEM"}, "source_origin": "evidence_pack"}
{"timestamp_raw": "2026-03-19T00:42:29Z", "hostname": "clin-ws-03", "event_id": 1, "channel": "Microsoft-Windows-Sysmon/Operational", "provider": "Microsoft-Windows-Sysmon", "raw_message": "Process Create: C:\\Windows\\System32\\taskhostw.exe by explorer.exe", "event_data": {"RuleName": "-", "UtcTime": "2026-03-19T00:42:29Z", "ProcessId": "15469", "Image": "C:\\Windows\\System32\\taskhostw.exe", "CommandLine": "C:\\Windows\\System32\\taskhostw.exe", "User": "MEDDEFENSE\\t.anderson", "IntegrityLevel": "System", "ParentImage": "C:\\Windows\\System32\\explorer.exe", "ParentCommandLine": "C:\\Windows\\System32\\explorer.exe", "ParentUser": "MEDDEFENSE\\t.anderson"}, "source_origin": "evidence_pack"}
{"timestamp_raw": "2026-03-19T00:42:34Z", "hostname": "srv-ehr-01", "event_id": 3, "channel": "Microsoft-Windows-Sysmon/Operational", "provider": "Microsoft-Windows-Sysmon", "raw_message": "Network connection: csrss.exe -> 52.168.112.78:135", "event_data": {"RuleName": "-", "UtcTime": "2026-03-19T00:42:34Z", "Image": "C:\\Windows\\System32\\csrss.exe", "User": "MEDDEFENSE\\v.lewis", "Protocol": "tcp", "Initiated": "true", "SourceIp": "10.1.2.30", "SourcePort": "61576", "DestinationIp": "52.168.112.78", "DestinationPort": "135"}, "source_origin": "evidence_pack"}
{"timestamp_raw": "2026-03-19T00:42:35Z", "hostname": "clin-ws-05", "event_id": 3, "channel": "Microsoft-Windows-Sysmon/Operational", "provider": "Microsoft-Windows-Sysmon", "raw_message": "Network connection: explorer.exe -> 140.82.112.22:3389", "event_data": {"RuleName": "-", "UtcTime": "2026-03-19T00:42:35Z", "Image": "C:\\Windows\\explorer.exe", "User": "MEDDEFENSE\\t.anderson", "Protocol": "tcp", "Initiated": "true", "SourceIp": "10.1.10.5", "SourcePort": "55331", "DestinationIp": "140.82.112.22", "DestinationPort": "3389"}, "source_origin": "evidence_pack"}
{"timestamp_raw": "2026-03-19T00:43:27Z", "hostname": "clin-ws-03", "event_id": 3, "channel": "Microsoft-Windows-Sysmon/Operational", "provider": "Microsoft-Windows-Sysmon", "raw_message": "Network connection: svchost.exe -> 140.82.112.22:135", "event_data": {"RuleName": "-", "UtcTime": "2026-03-19T00:43:27Z", "Image": "C:\\Windows\\System32\\svchost.exe", "User": "MEDDEFENSE\\s.patel", "Protocol": "udp", "Initiated": "true", "SourceIp": "10.1.10.3", "SourcePort": "62868", "DestinationIp": "140.82.112.22", "DestinationPort": "135"}, "source_origin": "evidence_pack"}
{"timestamp_raw": "2026-03-19T00:43:44Z", "hostname": "srv-dc-01", "event_id": 1, "channel": "Microsoft-Windows-Sysmon/Operational", "provider": "Microsoft-Windows-Sysmon", "raw_message": "Process Create: C:\\Windows\\System32\\taskhostw.exe by explorer.exe", "event_data": {"RuleName": "-", "UtcTime": "2026-03-19T00:43:44Z", "ProcessId": "21173", "Image": "C:\\Windows\\System32\\taskhostw.exe", "CommandLine": "C:\\Windows\\System32\\taskhostw.exe", "User": "MEDDEFENSE\\d.wilson", "IntegrityLevel": "Medium", "ParentImage": "C:\\Windows\\System32\\explorer.exe", "ParentCommandLine": "C:\\Windows\\System32\\explorer.exe", "ParentUser": "MEDDEFENSE\\d.wilson"}, "source_origin": "evidence_pack"}
{"timestamp_raw": "2026-03-19T00:43:46Z", "hostname": "srv-dc-01", "event_id": 1, "channel": "Microsoft-Windows-Sysmon/Operational", "provider": "Microsoft-Windows-Sysmon", "raw_message": "Process Create: C:\\Windows\\explorer.exe by userinit.exe", "event_data": {"RuleName": "-", "UtcTime": "2026-03-19T00:43:46Z", "ProcessId": "56111", "Image": "C:\\Windows\\explorer.exe", "CommandLine": "C:\\Windows\\explorer.exe", "User": "MEDDEFENSE\\NETWORK SERVICE", "IntegrityLevel": "System", "ParentImage": "C:\\Windows\\System32\\userinit.exe", "ParentCommandLine": "C:\\Windows\\System32\\userinit.exe", "ParentUser": "MEDDEFENSE\\NETWORK SERVICE"}, "source_origin": "evidence_pack"}
{"timestamp_raw": "2026-03-19T00:44:00Z", "hostname": "clin-ws-12", "event_id": 3, "channel": "Microsoft-Windows-Sysmon/Operational", "provider": "Microsoft-Windows-Sysmon", "raw_message": "Network connection: explorer.exe -> 151.101.65.140:135", "event_data": {"RuleName": "-", "UtcTime": "2026-03-19T00:44:00Z", "Image": "C:\\Windows\\explorer.exe", "User": "MEDDEFENSE\\d.wilson", "Protocol": "tcp", "Initiated": "true", "SourceIp": "10.1.10.12", "SourcePort": "49732", "DestinationIp": "151.101.65.140", "DestinationPort": "135"}, "source_origin": "evidence_pack"}
{"timestamp_raw": "2026-03-19T00:44:02Z", "hostname": "clin-ws-03", "event_id": 22, "channel": "Microsoft-Windows-Sysmon/Operational", "provider": "Microsoft-Windows-Sysmon", "raw_message": "Sysmon Event 22", "event_data": {"RuleName": "-", "UtcTime": "2026-03-19T00:44:02Z"}, "source_origin": "evidence_pack"}
{"timestamp_raw": "2026-03-19T00:44:32Z", "hostname": "admin-ws-01", "event_id": 11, "channel": "Microsoft-Windows-Sysmon/Operational", "provider": "Microsoft-Windows-Sysmon", "raw_message": "Sysmon Event 11", "event_data": {"RuleName": "-", "UtcTime": "2026-03-19T00:44:32Z"}, "source_origin": "evidence_pack"}
{"timestamp_raw": "2026-03-19T00:44:51Z", "hostname": "pharm-app-01", "event_id": 1, "channel": "Microsoft-Windows-Sysmon/Operational", "provider": "Microsoft-Windows-Sysmon", "raw_message": "Process Create: C:\\Windows\\System32\\conhost.exe by explorer.exe", "event_data": {"RuleName": "-", "UtcTime": "2026-03-19T00:44:51Z", "ProcessId": "28837", "Image": "C:\\Windows\\System32\\conhost.exe", "CommandLine": "C:\\Windows\\System32\\conhost.exe", "User": "MEDDEFENSE\\c.taylor", "IntegrityLevel": "High", "ParentImage": "C:\\Windows\\System32\\explorer.exe", "ParentCommandLine": "C:\\Windows\\System32\\explorer.exe", "ParentUser": "MEDDEFENSE\\SYSTEM"}, "source_origin": "evidence_pack"}
{"timestamp_raw": "2026-03-19T00:44:56Z", "hostname": "admin-ws-01", "event_id": 7, "channel": "Microsoft-Windows-Sysmon/Operational", "provider": "Microsoft-Windows-Sysmon", "raw_message": "Image loaded: C:\\Windows\\System32\\advapi32.dll by conhost.exe", "event_data": {"RuleName": "-", "UtcTime": "2026-03-19T00:44:56Z", "Image": "C:\\Windows\\System32\\conhost.exe", "ImageLoaded": "C:\\Windows\\System32\\advapi32.dll", "Signed": "true", "Signature": "Microsoft Windows", "SignatureStatus": "Valid"}, "source_origin": "evidence_pack"}
{"timestamp_raw": "2026-03-19T00:45:22Z", "hostname": "srv-dc-01", "event_id": 7, "channel": "Microsoft-Windows-Sysmon/Operational", "provider": "Microsoft-Windows-Sysmon", "raw_message": "Image loaded: C:\\Windows\\System32\\ntdll.dll by spoolsv.exe", "event_data": {"RuleName": "-", "UtcTime": "2026-03-19T00:45:22Z", "Image": "C:\\Windows\\System32\\spoolsv.exe", "ImageLoaded": "C:\\Windows\\System32\\ntdll.dll", "Signed": "true", "Signature": "Microsoft Windows", "SignatureStatus": "Valid"}, "source_origin": "evidence_pack"}
{"timestamp_raw": "2026-03-19T00:45:23Z", "hostname": "admin-ws-02", "event_id": 1, "channel": "Microsoft-Windows-Sysmon/Operational", "provider": "Microsoft-Windows-Sysmon", "raw_message": "Process Create: C:\\Windows\\System32\\RuntimeBroker.exe by explorer.exe", "event_data": {"RuleName": "-", "UtcTime": "2026-03-19T00:45:23Z", "ProcessId": "55564", "Image": "C:\\Windows\\System32\\RuntimeBroker.exe", "CommandLine": "C:\\Windows\\System32\\RuntimeBroker.exe", "User": "MEDDEFENSE\\g.clark", "IntegrityLevel": "High", "ParentImage": "C:\\Windows\\System32\\explorer.exe", "ParentCommandLine": "C:\\Windows\\System32\\explorer.exe", "ParentUser": "MEDDEFENSE\\SYSTEM"}, "source_origin": "evidence_pack"}
{"timestamp_raw": "2026-03-19T00:45:27Z", "hostname": "clin-ws-03", "event_id": 1, "channel": "Microsoft-Windows-Sysmon/Operational", "provider": "Microsoft-Windows-Sysmon", "raw_message": "Process Create: C:\\Program Files\\Google\\Chrome\\Application\\chrome.exe by explorer.exe", "event_data": {"RuleName": "-", "UtcTime": "2026-03-19T00:45:27Z", "ProcessId": "18061", "Image": "C:\\Program Files\\Google\\Chrome\\Application\\chrome.exe", "CommandLine": "C:\\Program Files\\Google\\Chrome\\Application\\chrome.exe", "User": "MEDDEFENSE\\n.white", "IntegrityLevel": "Medium", "ParentImage": "C:\\Windows\\System32\\explorer.exe", "ParentCommandLine": "C:\\Windows\\System32\\explorer.exe", "ParentUser": "MEDDEFENSE\\SYSTEM"}, "source_origin": "evidence_pack"}
{"timestamp_raw": "2026-03-19T00:45:38Z", "hostname": "clin-ws-05", "event_id": 1, "channel": "Microsoft-Windows-Sysmon/Operational", "provider": "Microsoft-Windows-Sysmon", "raw_message": "Process Create: C:\\Windows\\System32\\taskhostw.exe by explorer.exe", "event_data": {"RuleName": "-", "UtcTime": "2026-03-19T00:45:38Z", "ProcessId": "32341", "Image": "C:\\Windows\\System32\\taskhostw.exe", "CommandLine": "C:\\Windows\\System32\\taskhostw.exe", "User": "MEDDEFENSE\\b.martin", "IntegrityLevel": "Medium", "ParentImage": "C:\\Windows\\System32\\explorer.exe", "ParentCommandLine": "C:\\Windows\\System32\\explorer.exe", "ParentUser": "MEDDEFENSE\\b.martin"}, "source_origin": "evidence_pack"}
